c:\users\shalo\desktop\spaceinvaders\bin\intermediates\x64\debug\vc143.pdb
c:\users\shalo\desktop\spaceinvaders\bin\intermediates\x64\debug\vc143.idb
c:\users\shalo\desktop\spaceinvaders\bin\intermediates\x64\debug\settings.obj
c:\users\shalo\desktop\spaceinvaders\bin\intermediates\x64\debug\main.obj
c:\users\shalo\desktop\spaceinvaders\bin\intermediates\x64\debug\spaceship.obj
c:\users\shalo\desktop\spaceinvaders\bin\intermediates\x64\debug\game.obj
c:\users\shalo\desktop\spaceinvaders\bin\intermediates\x64\debug\laser.obj
c:\users\shalo\desktop\spaceinvaders\bin\intermediates\x64\debug\block.obj
c:\users\shalo\desktop\spaceinvaders\bin\intermediates\x64\debug\obstacle.obj
c:\users\shalo\desktop\spaceinvaders\bin\intermediates\x64\debug\alienlaser.obj
c:\users\shalo\desktop\spaceinvaders\bin\intermediates\x64\debug\alien.obj
c:\users\shalo\desktop\spaceinvaders\bin\intermediates\x64\debug\mysteryship.obj
c:\users\shalo\desktop\spaceinvaders\bin\intermediates\x64\debug\menu.obj
c:\users\shalo\desktop\spaceinvaders\bin\intermediates\x64\debug\deathballpowerup.obj
c:\users\shalo\desktop\spaceinvaders\bin\x64\debug\spaceinvaders.exe
c:\users\shalo\desktop\spaceinvaders\bin\intermediates\x64\debug\spaceinvaders.ilk
c:\users\shalo\desktop\spaceinvaders\bin\x64\debug\spaceinvaders.pdb
c:\users\shalo\desktop\spaceinvaders\bin\x64\debug\raylib.dll
c:\users\shalo\desktop\spaceinvaders\\bin\x64\debug\spaceinvaders.pdb
c:\users\shalo\desktop\spaceinvaders\\bin\intermediates\x64\debug\spaceinvaders.vcxproj.filelistabsolute.txt
c:\users\shalo\desktop\spaceinvaders\bin\intermediates\x64\debug\spaceinvaders.tlog\cl.command.1.tlog
c:\users\shalo\desktop\spaceinvaders\bin\intermediates\x64\debug\spaceinvaders.tlog\cl.items.tlog
c:\users\shalo\desktop\spaceinvaders\bin\intermediates\x64\debug\spaceinvaders.tlog\cl.read.1.tlog
c:\users\shalo\desktop\spaceinvaders\bin\intermediates\x64\debug\spaceinvaders.tlog\cl.write.1.tlog
c:\users\shalo\desktop\spaceinvaders\bin\intermediates\x64\debug\spaceinvaders.tlog\link.command.1.tlog
c:\users\shalo\desktop\spaceinvaders\bin\intermediates\x64\debug\spaceinvaders.tlog\link.read.1.tlog
c:\users\shalo\desktop\spaceinvaders\bin\intermediates\x64\debug\spaceinvaders.tlog\link.write.1.tlog
c:\users\shalo\desktop\spaceinvaders\bin\intermediates\x64\debug\spaceinvaders.tlog\spaceinvaders.write.1u.tlog
